0 info it worked if it ends with ok
1 verbose cli [ '/usr/local/Cellar/node/5.2.0/bin/node',
1 verbose cli   '/usr/local/bin/npm',
1 verbose cli   'run',
1 verbose cli   'dev' ]
2 info using npm@3.3.12
3 info using node@v5.2.0
4 verbose run-script [ 'predev', 'dev', 'postdev' ]
5 info lifecycle starterkit@0.0.1~predev: starterkit@0.0.1
6 silly lifecycle starterkit@0.0.1~predev: no script for predev, continuing
7 info lifecycle starterkit@0.0.1~dev: starterkit@0.0.1
8 verbose lifecycle starterkit@0.0.1~dev: unsafe-perm in lifecycle true
9 verbose lifecycle starterkit@0.0.1~dev: PATH: /usr/local/lib/node_modules/npm/bin/node-gyp-bin:/Users/michele/projects/starter-kit/node_modules/.bin:/Users/michele/.rbenv/shims:/Users/michele/.rbenv/bin:/usr/local/bin:/usr/bin:/bin:/usr/sbin:/sbin:/Users/michele/bin
10 verbose lifecycle starterkit@0.0.1~dev: CWD: /Users/michele/projects/starter-kit
11 silly lifecycle starterkit@0.0.1~dev: Args: [ '-c', 'gulp clean && gulp' ]
12 silly lifecycle starterkit@0.0.1~dev: Returned: code: 1  signal: null
13 info lifecycle starterkit@0.0.1~dev: Failed to exec dev script
14 verbose stack Error: starterkit@0.0.1 dev: `gulp clean && gulp`
14 verbose stack Exit status 1
14 verbose stack     at EventEmitter.<anonymous> (/usr/local/lib/node_modules/npm/lib/utils/lifecycle.js:232:16)
14 verbose stack     at emitTwo (events.js:88:13)
14 verbose stack     at EventEmitter.emit (events.js:173:7)
14 verbose stack     at ChildProcess.<anonymous> (/usr/local/lib/node_modules/npm/lib/utils/spawn.js:24:14)
14 verbose stack     at emitTwo (events.js:88:13)
14 verbose stack     at ChildProcess.emit (events.js:173:7)
14 verbose stack     at maybeClose (internal/child_process.js:819:16)
14 verbose stack     at Process.ChildProcess._handle.onexit (internal/child_process.js:212:5)
15 verbose pkgid starterkit@0.0.1
16 verbose cwd /Users/michele/projects/starter-kit
17 error Darwin 15.2.0
18 error argv "/usr/local/Cellar/node/5.2.0/bin/node" "/usr/local/bin/npm" "run" "dev"
19 error node v5.2.0
20 error npm  v3.3.12
21 error code ELIFECYCLE
22 error starterkit@0.0.1 dev: `gulp clean && gulp`
22 error Exit status 1
23 error Failed at the starterkit@0.0.1 dev script 'gulp clean && gulp'.
23 error Make sure you have the latest version of node.js and npm installed.
23 error If you do, this is most likely a problem with the starterkit package,
23 error not with npm itself.
23 error Tell the author that this fails on your system:
23 error     gulp clean && gulp
23 error You can get their info via:
23 error     npm owner ls starterkit
23 error There is likely additional logging output above.
24 verbose exit [ 1, true ]
